<?xml version="1.0" encoding="UTF-8"?>
<!-- Generated by org.testng.reporters.JUnitReportReporter -->
<testsuite hostname="INCNU4129FFM" failures="0" tests="3" name="mpack.DemoTestNG2" time="0.046" errors="0" timestamp="2020-08-06T16:47:04 IST" skipped="1">
  <testcase classname="mpack.DemoTestNG2" name="Registration" time="0.036"/>
  <system-out/>
  <testcase classname="mpack.DemoTestNG2" name="Login" time="0.010"/>
  <system-out/>
  <testcase classname="mpack.DemoTestNG2" name="HomePage">
    <skipped/>
  </testcase> <!-- HomePage -->
  <system-out/>
</testsuite> <!-- mpack.DemoTestNG2 -->
