<?xml version="1.0" encoding="UTF-8"?>
<!-- Generated by org.testng.reporters.JUnitReportReporter -->
<testsuite hostname="INCNU4129FFM" failures="0" tests="3" name="mpack.DemoTestNG2" time="0.111" errors="0" timestamp="2020-08-07T14:53:33 IST" skipped="1">
  <testcase classname="mpack.DemoTestNG2" name="Registration" time="0.103"/>
  <system-out/>
  <testcase classname="mpack.DemoTestNG2" name="Login" time="0.008"/>
  <system-out/>
  <testcase classname="mpack.DemoTestNG2" name="HomePage">
    <skipped/>
  </testcase> <!-- HomePage -->
  <system-out/>
</testsuite> <!-- mpack.DemoTestNG2 -->
