<?xml version="1.0" encoding="UTF-8"?>
<!-- Generated by org.testng.reporters.JUnitReportReporter -->
<testsuite hostname="INCNU4129FFM" failures="0" tests="3" name="mpack.TestngMultipleTestDataRun" time="0.058" errors="0" timestamp="2020-08-07T15:57:40 IST" skipped="0">
  <testcase classname="mpack.TestngMultipleTestDataRun" name="multipletestLogin" time="0.008"/>
  <system-out/>
  <testcase classname="mpack.TestngMultipleTestDataRun" name="multipletestLogin" time="0.013"/>
  <system-out/>
  <testcase classname="mpack.TestngMultipleTestDataRun" name="multipletestLogin" time="0.037"/>
  <system-out/>
</testsuite> <!-- mpack.TestngMultipleTestDataRun -->
