<?xml version="1.0" encoding="UTF-8"?>
<!-- Generated by org.testng.reporters.JUnitReportReporter -->
<testsuite hostname="INCNU4129FFM" failures="0" tests="3" name="mpack.TestngParameteraization" time="44.163" errors="0" timestamp="2020-08-07T14:53:33 IST" skipped="0">
  <testcase classname="mpack.TestngParameteraization" name="parameterization1" time="15.136"/>
  <system-out/>
  <testcase classname="mpack.TestngParameteraization" name="parameterization2" time="12.950"/>
  <system-out/>
  <testcase classname="mpack.TestngParameteraization" name="parameterization" time="16.077"/>
  <system-out/>
</testsuite> <!-- mpack.TestngParameteraization -->
