<?xml version="1.0" encoding="UTF-8"?>
<!-- Generated by org.testng.reporters.JUnitReportReporter -->
<testsuite hostname="INCNU4129FFM" failures="0" tests="1" name="mpack.DemoTestNG" time="0.019" errors="0" timestamp="2020-08-07T14:53:33 IST" skipped="1">
  <testcase classname="mpack.DemoTestNG" name="SampleAutomation" time="0.019">
    <skipped/>
  </testcase> <!-- SampleAutomation -->
  <system-out/>
</testsuite> <!-- mpack.DemoTestNG -->
